-------------------------------------------------------------------------------
Test set: com.pixelcat.velocity.velocity.EntityBuilderTest
-------------------------------------------------------------------------------
Tests run: 1, Failures: 0, Errors: 1, Skipped: 0, Time elapsed: 0.065 s <<< FAILURE! - in com.pixelcat.velocity.velocity.EntityBuilderTest
initializationError(com.pixelcat.velocity.velocity.EntityBuilderTest)  Time elapsed: 0.007 s  <<< ERROR!
org.junit.runners.model.InvalidTestClassError: 
Invalid test class 'com.pixelcat.velocity.velocity.EntityBuilderTest':
  1. Method testString() should not be static

