<?xml version="1.0" encoding="UTF-8"?>
<testsuite xmlns:xsi="http://www.w3.org/2001/XMLSchema-instance" xsi:noNamespaceSchemaLocation="https://maven.apache.org/surefire/maven-surefire-plugin/xsd/surefire-test-report.xsd" name="com.pixelcat.velocity.velocity.EntityBuilderTest" time="0.065" tests="1" errors="1" skipped="0" failures="0">
  <properties>
[...]
</properties>
  <testcase name="initializationError" classname="com.pixelcat.velocity.velocity.EntityBuilderTest" time="0.007">
    <error message="Invalid test class &apos;com.pixelcat.velocity.velocity.EntityBuilderTest&apos;:&#10;  1. Method testString() should not be static" type="org.junit.runners.model.InvalidTestClassError">org.junit.runners.model.InvalidTestClassError: 
Invalid test class 'com.pixelcat.velocity.velocity.EntityBuilderTest':
  1. Method testString() should not be static
</error>
  </testcase>
</testsuite>